2018-01-15 22:07:47,937 - __main__ - INFO - --------------------START OF RUN--------------------
2018-01-15 22:07:47,937 - __main__ - INFO - {'__name__': '__main__', '__doc__': None, '__package__': None, '__loader__': <_frozen_importlib_external.SourceFileLoader object at 0x000002412041A128>, '__spec__': None, '__annotations__': {}, '__builtins__': <module 'builtins' (built-in)>, '__file__': 'query.py', '__cached__': None, 'use_gpu': True, 'load_saved_array': True, 'data_folder': '../data/training_data', 'equalize_data': True, 'save_array': True, 'seq_length': 30, 'data_augmentation': False, 'fix_samples': 'IGNORE', 'vectorize': True, 'use_ascii': False, 'load_saved_model': True, 'train_loaded_model': False, 'choosen_model': 2, 'train_test_split': 0.8, 'train_val_split': 0.8, 'limit_samples': 10000, 'lr': 0.0001, 'decay': 1.1e-05, 'momentum': 0.5, 'epochs': 3000, 'batch_size': 4096, 'use_lr_scheduler': True, 'lr_scheduler_plan': {}, 'config_plot_realtime': True, 'plot_realtime_interval': 1, 'plot_performance': True, 'train_GAN': True, 'load_trained_GAN': True, 'GAN_lr': 0.0001, 'GAN_epochs': 3000, 'GAN_batch_size': 512, 'GAN_limit_samples': None, 'query_data_folder': '../data/query_data/tm', 'logging': <module 'logging' from 'F:\\Python\\lib\\logging\\__init__.py'>, 'os': <module 'os' from 'F:\\Python\\lib\\os.py'>, 'logger': <Logger __main__ (INFO)>, 'handler': <FileHandler C:\Users\Timothy''s PC\OneDrive\Dokument\GitHub\DD2404-project\bin\results\query_logger.log (INFO)>, 'formatter': <logging.Formatter object at 0x00000241207DAA20>}
2018-01-15 22:07:49,718 - __main__ - INFO - Using gpu...
2018-01-15 22:07:50,587 - __main__ - INFO - Test set: 45 positive samples, 247 negative samples and 0 unknown samples
2018-01-15 22:07:50,587 - __main__ - INFO - Loading model from file...
2018-01-15 22:07:57,811 - __main__ - INFO - Loaded model: 
2018-01-15 22:07:57,812 - __main__ - INFO - _________________________________________________________________
2018-01-15 22:07:57,813 - __main__ - INFO - Layer (type)                 Output Shape              Param #   
2018-01-15 22:07:57,813 - __main__ - INFO - =================================================================
2018-01-15 22:07:57,814 - __main__ - INFO - bidirectional_1 (Bidirection (None, 30, 128)           44032     
2018-01-15 22:07:57,814 - __main__ - INFO - _________________________________________________________________
2018-01-15 22:07:57,814 - __main__ - INFO - dropout_1 (Dropout)          (None, 30, 128)           0         
2018-01-15 22:07:57,815 - __main__ - INFO - _________________________________________________________________
2018-01-15 22:07:57,815 - __main__ - INFO - bidirectional_2 (Bidirection (None, 128)               98816     
2018-01-15 22:07:57,815 - __main__ - INFO - _________________________________________________________________
2018-01-15 22:07:57,815 - __main__ - INFO - dropout_2 (Dropout)          (None, 128)               0         
2018-01-15 22:07:57,816 - __main__ - INFO - _________________________________________________________________
2018-01-15 22:07:57,816 - __main__ - INFO - dense_1 (Dense)              (None, 1)                 129       
2018-01-15 22:07:57,816 - __main__ - INFO - =================================================================
2018-01-15 22:07:57,817 - __main__ - INFO - Total params: 142,977
2018-01-15 22:07:57,817 - __main__ - INFO - Trainable params: 142,977
2018-01-15 22:07:57,817 - __main__ - INFO - Non-trainable params: 0
2018-01-15 22:07:57,817 - __main__ - INFO - _________________________________________________________________
2018-01-15 22:07:57,818 - __main__ - INFO - Evaluation of model processing...
2018-01-15 22:07:58,610 - __main__ - INFO - 
binary_accuracy: 93.15%
2018-01-15 22:07:58,611 - __main__ - INFO - Creating confusion matrix on test samples...
2018-01-15 22:07:59,524 - __main__ - INFO - Creating ROC curve
2018-01-15 22:08:00,292 - __main__ - INFO - Calculating metrics
2018-01-15 22:08:00,293 - __main__ - INFO - Accuracy: 0.9315, Precision: 0.6984, Sensitivity: 0.9778, Specificity: 0.9231
