\BOOKMARK [1][-]{section.1}{Introduction}{}% 1
\BOOKMARK [1][-]{section.2}{Methods and models}{}% 2
\BOOKMARK [2][-]{subsection.2.1}{The structure of an Signal Peptide}{section.2}% 3
\BOOKMARK [2][-]{subsection.2.2}{Design choices}{section.2}% 4
\BOOKMARK [2][-]{subsection.2.3}{Data sets}{section.2}% 5
\BOOKMARK [2][-]{subsection.2.4}{Data preprocessing}{section.2}% 6
\BOOKMARK [2][-]{subsection.2.5}{Neural Network structure}{section.2}% 7
\BOOKMARK [2][-]{subsection.2.6}{Related works}{section.2}% 8
\BOOKMARK [1][-]{section.3}{Evaluating model}{}% 9
\BOOKMARK [2][-]{subsection.3.1}{Model performance}{section.3}% 10
\BOOKMARK [2][-]{subsection.3.2}{Signal peptide detection in transmembrane proteins}{section.3}% 11
\BOOKMARK [3][-]{subsubsection.3.2.1}{Non TM proteins}{subsection.3.2}% 12
\BOOKMARK [3][-]{subsubsection.3.2.2}{TM proteins}{subsection.3.2}% 13
\BOOKMARK [2][-]{subsection.3.3}{Signal peptide detection in proteomes}{section.3}% 14
\BOOKMARK [3][-]{subsubsection.3.3.1}{Human proteome}{subsection.3.3}% 15
\BOOKMARK [3][-]{subsubsection.3.3.2}{Mouse proteome}{subsection.3.3}% 16
\BOOKMARK [1][-]{section.4}{Conclusion}{}% 17
\BOOKMARK [1][-]{section.5}{Appendix}{}% 18
\BOOKMARK [2][-]{subsection.5.1}{Model details}{section.5}% 19
\BOOKMARK [2][-]{subsection.5.2}{Pitfalls when training a model}{section.5}% 20
